{"C:\\Users\\10177\\Desktop\\自建工具库\\git-download\\src\\main.ts": {"path":"C:\\Users\\10177\\Desktop\\自建工具库\\git-download\\src\\main.ts","statementMap":{"0":{"start":{"line":6,"column":2},"end":{"line":6,"column":29}},"1":{"start":{"line":5,"column":0},"end":{"line":5,"column":16}},"2":{"start":{"line":8,"column":0},"end":{"line":8,"column":20}}},"fnMap":{"0":{"name":"main","decl":{"start":{"line":5,"column":16},"end":{"line":5,"column":20}},"loc":{"start":{"line":5,"column":20},"end":{"line":7,"column":1}}}},"branchMap":{},"s":{"0":1,"1":1,"2":1},"f":{"0":1},"b":{}}
}
